Received user message from listener: A sprawling, organic network of bioluminescent veins pulsing over a rigid, brutalist concrete grid, using a palette of deep sea blues and neon corals
CONCEPT:
A sprawling, hyper-detailed generative art piece. An immense, living network of bioluminescent veins, resembling either intricate fungal mycelia, deep-sea coral polyps, or crystalline vascular structures, dramatically pulses with an internal, ethereal light. This vibrant organic growth sprawls across and through the rigid, brutalist geometry of a monumental, dark grey concrete grid.

The veins emit a dynamic, shifting glow, primarily in a palette of deep sea blues—sapphire, indigo, and cerulean—accented by striking neon corals—fluorescent fuchsia, electric orange, and searing magenta. This pulsating bioluminescence creates sharp, high-contrast highlights against the cold, unyielding texture of the concrete, which should exhibit subtle signs of age: intricate cracks, water stains, and a gritty, imposing mass.

The composition should convey an immense, alien scale, from the microscopic intricacies of individual tendrils to the vast, panoramic sweep of the brutalist structure, evoking a speculative, symbiotic ecosystem. Emphasize the diffusion of light into the surrounding deep shadows, highlighting the delicate, sinuous forms as they intertwine, penetrate, and envelop the stark architecture. The overall atmosphere should be one of melancholic beauty, an emergent digital organism asserting life over immutable decay, a vibrant yet haunting dance between order and organic chaos.

**Style Keywords:** Generative art, digital painting, avant-garde, speculative biology, concept art, alien architecture, photorealistic textures, high contrast, atmospheric, intricate, macro-micro perspective, ethereal glow, 8k.

Generating code from concept...
Rendering with Playwright...
Traceback (most recent call last):
  File "/home/nukebox/.openclaw/workspace/ai-artist-v1/main.py", line 153, in <module>
    gif_file = asyncio.run(render_gif(html_code))
  File "/home/linuxbrew/.linuxbrew/opt/python@3.14/lib/python3.14/asyncio/runners.py", line 204, in run
    return runner.run(main)
           ~~~~~~~~~~^^^^^^
  File "/home/linuxbrew/.linuxbrew/opt/python@3.14/lib/python3.14/asyncio/runners.py", line 127, in run
    return self._loop.run_until_complete(task)
           ~~~~~~~~~~~~~~~~~~~~~~~~~~~~~^^^^^^
  File "/home/linuxbrew/.linuxbrew/opt/python@3.14/lib/python3.14/asyncio/base_events.py", line 719, in run_until_complete
    return future.result()
           ~~~~~~~~~~~~~^^
  File "/home/nukebox/.openclaw/workspace/ai-artist-v1/main.py", line 132, in render_gif
    await page.screenshot(path=path)
  File "/home/nukebox/.openclaw/workspace/digital-art-engine/venv/lib/python3.14/site-packages/playwright/async_api/_generated.py", line 9792, in screenshot
    await self._impl_obj.screenshot(
    ...<13 lines>...
    )
  File "/home/nukebox/.openclaw/workspace/digital-art-engine/venv/lib/python3.14/site-packages/playwright/_impl/_page.py", line 814, in screenshot
    encoded_binary = await self._channel.send(
                     ^^^^^^^^^^^^^^^^^^^^^^^^^
        "screenshot", self._timeout_settings.timeout, params
        ^^^^^^^^^^^^^^^^^^^^^^^^^^^^^^^^^^^^^^^^^^^^^^^^^^^^
    )
    ^
  File "/home/nukebox/.openclaw/workspace/digital-art-engine/venv/lib/python3.14/site-packages/playwright/_impl/_connection.py", line 69, in send
    return await self._connection.wrap_api_call(
           ^^^^^^^^^^^^^^^^^^^^^^^^^^^^^^^^^^^^^
    ...<3 lines>...
    )
    ^
  File "/home/nukebox/.openclaw/workspace/digital-art-engine/venv/lib/python3.14/site-packages/playwright/_impl/_connection.py", line 559, in wrap_api_call
    raise rewrite_error(error, f"{parsed_st['apiName']}: {error}") from None
playwright._impl._errors.TimeoutError: Page.screenshot: Timeout 30000ms exceeded.
Call log:
  - taking page screenshot

